Removed Pin From Net: NetName=GND Pin=P1-2
Removed Pin From Net: NetName=NetA1_10 Pin=P5-1
Removed Pin From Net: NetName=NetA1_2 Pin=P5-2
Removed Pin From Net: NetName=NetA1_3 Pin=P7-1
Removed Pin From Net: NetName=NetP3_2 Pin=Res3-1
Removed Member From Class: ClassName=Proto Member=P5
Removed Member From Class: ClassName=Proto Member=P7
Change Component Footprint: Designator=P1 Old Footprint=HDR1X2 New Footprint=HDR1X5
Change Component Footprint: Designator=P3 Old Footprint=HDR1X2 New Footprint=HDR1X7
Change Component Comment : Designator=P3 Old Comment=GPIO 1/2 New Comment=RFDUINO 1
Change Component Comment : Designator=P1 Old Comment=VCC / GND New Comment=RFDUINO 2
Added Component: Designator=S1(SPST-2)
Add component. Clean all parameters for all variants
Add component (AddParameter): Name = "LatestRevisionDate"; Value = "17-Jul-2002"; VariantName = "[No Variations]"
Add component (AddParameter): Name = "LatestRevisionNote"; Value = "Re-released for DXP Platform."; VariantName = "[No Variations]"
Add component (AddParameter): Name = "PackageDescription"; Value = "Switch; 2 Leads"; VariantName = "[No Variations]"
Add component (AddParameter): Name = "PackageReference"; Value = "SPST-2"; VariantName = "[No Variations]"
Add component (AddParameter): Name = "Published"; Value = "24-Mar-1999"; VariantName = "[No Variations]"
Add component (AddParameter): Name = "Publisher"; Value = "Altium Limited"; VariantName = "[No Variations]"
Added Pin To Net: NetName=NetA1_3 Pin=P1-2
Added Pin To Net: NetName=NetA1_2 Pin=P1-3
Added Pin To Net: NetName=NetA1_10 Pin=P1-4
Added Pin To Net: NetName=GND Pin=P3-7
Added Pin To Net: NetName=NetP1_1 Pin=P1-1
Added Pin To Net: NetName=NetP1_1 Pin=P8-1
Added Net: Name=NetP1_1
Added Pin To Net: NetName=NetP1_5 Pin=P1-5
Added Pin To Net: NetName=NetP1_5 Pin=Res3-1
Added Net: Name=NetP1_5
Added Pin To Net: NetName=NetP3_3 Pin=P3-3
Added Net: Name=NetP3_3
Added Pin To Net: NetName=NetP3_4 Pin=P3-4
Added Pin To Net: NetName=NetP3_4 Pin=S1-2
Added Net: Name=NetP3_4
Added Pin To Net: NetName=VCC Pin=A1-1
Added Pin To Net: NetName=VCC Pin=P3-5
Added Pin To Net: NetName=VCC Pin=Res1-1
Added Pin To Net: NetName=VCC Pin=S1-1
Added Net: Name=VCC
Added Member To Class: ClassName=Proto Member=Component S1 SW-PB
Added Room: Name=Proto
